Build started 20-11-2021 23:04:25.
     1>Project "C:\Users\HP\OneDrive\Documents\Visual Studio 2010\Projects\Gaming\Gaming\Gaming.vcxproj" on node 2 (build target(s)).
     1>InitializeBuildStatus:
         Creating "Debug\Gaming.unsuccessfulbuild" because "AlwaysCreate" was specified.
       GenerateTargetFrameworkMonikerAttribute:
       Skipping target "GenerateTargetFrameworkMonikerAttribute" because all output files are up-to-date with respect to the input files.
       ClCompile:
         All outputs are up-to-date.
         All outputs are up-to-date.
         All outputs are up-to-date.
       CoreResGen:
         No resources are out of date with respect to their source files. Skipping resource generation.
       ResourceCompile:
         All outputs are up-to-date.
       Link:
         All outputs are up-to-date.
         Gaming.vcxproj -> C:\Users\HP\OneDrive\Documents\Visual Studio 2010\Projects\Gaming\Debug\Gaming.exe
       FinalizeBuildStatus:
         Deleting file "Debug\Gaming.unsuccessfulbuild".
         Touching "Debug\Gaming.lastbuildstate".
     1>Done Building Project "C:\Users\HP\OneDrive\Documents\Visual Studio 2010\Projects\Gaming\Gaming\Gaming.vcxproj" (build target(s)).

Build succeeded.

Time Elapsed 00:00:00.06
